Flow report for pipeline
Fri Dec 23 10:25:48 2016
Quartus II 64-Bit Version 13.1.0 Build 162 10/23/2013 SJ Web Edition


---------------------
; Table of Contents ;
---------------------
  1. Legal Notice
  2. Flow Summary
  3. Flow Settings
  4. Flow Non-Default Global Settings
  5. Flow Elapsed Time
  6. Flow OS Summary
  7. Flow Log
  8. Flow Messages
  9. Flow Suppressed Messages



----------------
; Legal Notice ;
----------------
Copyright (C) 1991-2013 Altera Corporation
Your use of Altera Corporation's design tools, logic functions 
and other software and tools, and its AMPP partner logic 
functions, and any output files from any of the foregoing 
(including device programming or simulation files), and any 
associated documentation or information are expressly subject 
to the terms and conditions of the Altera Program License 
Subscription Agreement, Altera MegaCore Function License 
Agreement, or other applicable license agreement, including, 
without limitation, that your use is for the sole purpose of 
programming logic devices manufactured by Altera and sold by 
Altera or its authorized distributors.  Please refer to the 
applicable agreement for further details.



+------------------------------------------------------------------------------+
; Flow Summary                                                                 ;
+---------------------------------+--------------------------------------------+
; Flow Status                     ; Successful - Fri Dec 23 10:25:48 2016      ;
; Quartus II 64-Bit Version       ; 13.1.0 Build 162 10/23/2013 SJ Web Edition ;
; Revision Name                   ; pipeline                                   ;
; Top-level Entity Name           ; ppl_cpu                                    ;
; Family                          ; Cyclone V                                  ;
; Device                          ; 5CSEMA5F31C6                               ;
; Timing Models                   ; Preliminary                                ;
; Logic utilization (in ALMs)     ; 1,793 / 32,070 ( 6 % )                     ;
; Total registers                 ; 1373                                       ;
; Total pins                      ; 54 / 457 ( 12 % )                          ;
; Total virtual pins              ; 0                                          ;
; Total block memory bits         ; 3,072 / 4,065,280 ( < 1 % )                ;
; Total DSP Blocks                ; 0 / 87 ( 0 % )                             ;
; Total HSSI RX PCSs              ; 0                                          ;
; Total HSSI PMA RX Deserializers ; 0                                          ;
; Total HSSI TX PCSs              ; 0                                          ;
; Total HSSI TX Channels          ; 0                                          ;
; Total PLLs                      ; 0 / 6 ( 0 % )                              ;
; Total DLLs                      ; 0 / 4 ( 0 % )                              ;
+---------------------------------+--------------------------------------------+


+-----------------------------------------+
; Flow Settings                           ;
+-------------------+---------------------+
; Option            ; Setting             ;
+-------------------+---------------------+
; Start date & time ; 12/23/2016 10:23:15 ;
; Main task         ; Compilation         ;
; Revision Name     ; pipeline            ;
+-------------------+---------------------+


+----------------------------------------------------------------------------------------------------------------------------+
; Flow Non-Default Global Settings                                                                                           ;
+-------------------------------------+---------------------------------------+---------------+-------------+----------------+
; Assignment Name                     ; Value                                 ; Default Value ; Entity Name ; Section Id     ;
+-------------------------------------+---------------------------------------+---------------+-------------+----------------+
; COMPILER_SIGNATURE_ID               ; 273406398900094.148245979513252       ; --            ; --          ; --             ;
; EDA_OUTPUT_DATA_FORMAT              ; Verilog Hdl                           ; --            ; --          ; eda_simulation ;
; EDA_SIMULATION_TOOL                 ; ModelSim-Altera (Verilog)             ; <None>        ; --          ; --             ;
; MAX_CORE_JUNCTION_TEMP              ; 85                                    ; --            ; --          ; --             ;
; MIN_CORE_JUNCTION_TEMP              ; 0                                     ; --            ; --          ; --             ;
; PARTITION_COLOR                     ; 16764057                              ; --            ; ppl_cpu     ; Top            ;
; PARTITION_FITTER_PRESERVATION_LEVEL ; PLACEMENT_AND_ROUTING                 ; --            ; ppl_cpu     ; Top            ;
; PARTITION_NETLIST_TYPE              ; SOURCE                                ; --            ; ppl_cpu     ; Top            ;
; POWER_BOARD_THERMAL_MODEL           ; None (CONSERVATIVE)                   ; --            ; --          ; --             ;
; POWER_PRESET_COOLING_SOLUTION       ; 23 MM HEAT SINK WITH 200 LFPM AIRFLOW ; --            ; --          ; --             ;
; PROJECT_OUTPUT_DIRECTORY            ; output_files                          ; --            ; --          ; --             ;
; TOP_LEVEL_ENTITY                    ; ppl_cpu                               ; pipeline      ; --          ; --             ;
+-------------------------------------+---------------------------------------+---------------+-------------+----------------+


+-------------------------------------------------------------------------------------------------------------------------------+
; Flow Elapsed Time                                                                                                             ;
+---------------------------+--------------+-------------------------+---------------------+------------------------------------+
; Module Name               ; Elapsed Time ; Average Processors Used ; Peak Virtual Memory ; Total CPU Time (on all processors) ;
+---------------------------+--------------+-------------------------+---------------------+------------------------------------+
; Analysis & Synthesis      ; 00:00:11     ; 1.0                     ; 593 MB              ; 00:00:10                           ;
; Fitter                    ; 00:01:34     ; 1.0                     ; 1530 MB             ; 00:01:33                           ;
; Assembler                 ; 00:00:14     ; 1.0                     ; 669 MB              ; 00:00:14                           ;
; TimeQuest Timing Analyzer ; 00:00:23     ; 1.0                     ; 879 MB              ; 00:00:23                           ;
; EDA Netlist Writer        ; 00:00:03     ; 1.0                     ; 570 MB              ; 00:00:02                           ;
; Total                     ; 00:02:25     ; --                      ; --                  ; 00:02:22                           ;
+---------------------------+--------------+-------------------------+---------------------+------------------------------------+


+----------------------------------------------------------------------------------------+
; Flow OS Summary                                                                        ;
+---------------------------+------------------+-----------+------------+----------------+
; Module Name               ; Machine Hostname ; OS Name   ; OS Version ; Processor type ;
+---------------------------+------------------+-----------+------------+----------------+
; Analysis & Synthesis      ; Mark_Lee         ; Windows 7 ; 6.2        ; x86_64         ;
; Fitter                    ; Mark_Lee         ; Windows 7 ; 6.2        ; x86_64         ;
; Assembler                 ; Mark_Lee         ; Windows 7 ; 6.2        ; x86_64         ;
; TimeQuest Timing Analyzer ; Mark_Lee         ; Windows 7 ; 6.2        ; x86_64         ;
; EDA Netlist Writer        ; Mark_Lee         ; Windows 7 ; 6.2        ; x86_64         ;
+---------------------------+------------------+-----------+------------+----------------+


------------
; Flow Log ;
------------
quartus_map --read_settings_files=on --write_settings_files=off pipeline -c pipeline
quartus_fit --read_settings_files=off --write_settings_files=off pipeline -c pipeline
quartus_asm --read_settings_files=off --write_settings_files=off pipeline -c pipeline
quartus_sta pipeline -c pipeline
quartus_eda --read_settings_files=off --write_settings_files=off pipeline -c pipeline



